SF:lib/src/stream_observable.dart
DA:34,1
DA:36,2
DA:38,2
DA:40,2
DA:46,3
DA:49,5
DA:61,2
DA:67,2
LF:8
LH:8
end_of_record
SF:lib/src/controller.dart
DA:43,1
DA:44,1
DA:58,3
DA:64,1
DA:75,0
LF:5
LH:4
end_of_record
SF:lib/src/future_controller.dart
DA:67,1
DA:76,1
DA:77,1
DA:78,1
DA:79,1
DA:83,2
DA:86,1
DA:89,2
DA:90,0
DA:95,1
DA:97,1
DA:100,1
DA:101,1
DA:103,1
LF:14
LH:13
end_of_record
SF:lib/src/observable.dart
DA:33,4
DA:38,3
DA:41,3
DA:47,3
DA:54,10
DA:68,4
LF:6
LH:6
end_of_record
SF:lib/src/observer.dart
DA:49,0
DA:51,0
DA:53,0
DA:54,0
DA:55,0
DA:56,0
LF:6
LH:0
end_of_record
SF:lib/src/provider.dart
DA:50,0
DA:57,0
DA:58,0
DA:64,0
DA:65,0
DA:66,0
DA:67,0
DA:70,0
DA:73,0
DA:78,0
DA:79,0
DA:87,0
DA:88,0
DA:89,0
DA:93,0
DA:94,0
DA:95,0
DA:104,0
DA:106,0
DA:107,0
DA:108,0
DA:110,0
DA:113,0
DA:115,0
DA:116,0
DA:119,0
DA:121,0
LF:27
LH:0
end_of_record
SF:lib/src/result.dart
DA:41,2
DA:55,1
DA:69,0
DA:77,1
LF:4
LH:3
end_of_record
SF:lib/src/stream_observer.dart
DA:46,0
DA:52,0
DA:54,0
DA:55,0
DA:56,0
DA:57,0
LF:6
LH:0
end_of_record
